#
# There is insufficient memory for the Java Runtime Environment to continue.
# Native memory allocation (mmap) failed to map 3457024 bytes for G1 virtual space
# Possible reasons:
#   The system is out of physical RAM or swap space
#   The process is running with CompressedOops enabled, and the Java Heap may be blocking the growth of the native heap
# Possible solutions:
#   Reduce memory load on the system
#   Increase physical memory or swap space
#   Check if swap backing store is full
#   Decrease Java heap size (-Xmx/-Xms)
#   Decrease number of Java threads
#   Decrease Java thread stack sizes (-Xss)
#   Set larger code cache with -XX:ReservedCodeCacheSize=
#   JVM is running with Unscaled Compressed Oops mode in which the Java heap is
#     placed in the first 4GB address space. The Java Heap base address is the
#     maximum limit for the native heap growth. Please use -XX:HeapBaseMinAddress
#     to set the Java Heap base and to place the Java Heap above 4GB virtual address.
# This output file may be truncated or incomplete.
#
#  Out of Memory Error (os_windows.cpp:3532), pid=1072, tid=6084
#
# JRE version: Java(TM) SE Runtime Environment (17.0.2+8) (build 17.0.2+8-LTS-86)
# Java VM: Java HotSpot(TM) 64-Bit Server VM (17.0.2+8-LTS-86, mixed mode, sharing, tiered, compressed oops, compressed class ptrs, g1 gc, windows-amd64)
# Core dump will be written. Default location: C:\Users\Administrator\Desktop\1.16.5-optimized\hs_err_pid1072.mdmp
#

---------------  S U M M A R Y ------------

Command Line: -javaagent:authlib-injector-1.1.27-5ef5f8e.jar=https://littleskin.cn/api/yggdrasil fabric-server-launch.jar nogui

Host: Intel(R) Xeon(R) Gold 6271C CPU @ 2.60GHz, 2 cores, 3G,  Windows Server 2016 , 64 bit Build 14393 (10.0.14393.4651)
Time: Mon Jul 18 14:02:05 2022 中国标准时间 elapsed time: 8.570212 seconds (0d 0h 0m 8s)

---------------  T H R E A D  ---------------

Current thread (0x000001d0e8917d70):  VMThread "VM Thread" [stack: 0x0000006b5fc00000,0x0000006b5fd00000] [id=6084]

Stack: [0x0000006b5fc00000,0x0000006b5fd00000]
Native frames: (J=compiled Java code, j=interpreted, Vv=VM code, C=native code)
V  [jvm.dll+0x670baa]
V  [jvm.dll+0x7cfcb4]
V  [jvm.dll+0x7d145e]
V  [jvm.dll+0x7d1ac3]
V  [jvm.dll+0x242bc5]
V  [jvm.dll+0x66dac9]
V  [jvm.dll+0x662412]
V  [jvm.dll+0x300c0b]
V  [jvm.dll+0x3081a6]
V  [jvm.dll+0x357d38]
V  [jvm.dll+0x357f3f]
V  [jvm.dll+0x2d7ec8]
V  [jvm.dll+0x2d6194]
V  [jvm.dll+0x2d579c]
V  [jvm.dll+0x3190eb]
V  [jvm.dll+0x7d5f9b]
V  [jvm.dll+0x7d6cd4]
V  [jvm.dll+0x7d71ec]
V  [jvm.dll+0x7d75c4]
V  [jvm.dll+0x7d7690]
V  [jvm.dll+0x77ff7a]
V  [jvm.dll+0x66fa35]
C  [ucrtbase.dll+0x1fb80]
C  [KERNEL32.DLL+0x84d4]
C  [ntdll.dll+0x51791]

VM_Operation (0x0000006b5f6fdb30): G1CollectForAllocation, mode: safepoint, requested by thread 0x000001d0cdbb66a0


---------------  P R O C E S S  ---------------

Threads class SMR info:
_java_thread_list=0x000001d0eade35b0, length=12, elements={
0x000001d0cdbb66a0, 0x000001d0e891b4e0, 0x000001d0e891e0a0, 0x000001d0e8930ea0,
0x000001d0e8931a50, 0x000001d0e8934610, 0x000001d0e8936fd0, 0x000001d0e8937d60,
0x000001d0e8938800, 0x000001d0e8939610, 0x000001d0cdc8cb40, 0x000001d0e9a253e0
}

Java Threads: ( => current thread )
  0x000001d0cdbb66a0 JavaThread "main" [_thread_blocked, id=2128, stack(0x0000006b5f600000,0x0000006b5f700000)]
  0x000001d0e891b4e0 JavaThread "Reference Handler" daemon [_thread_blocked, id=1452, stack(0x0000006b5fd00000,0x0000006b5fe00000)]
  0x000001d0e891e0a0 JavaThread "Finalizer" daemon [_thread_blocked, id=852, stack(0x0000006b5fe00000,0x0000006b5ff00000)]
  0x000001d0e8930ea0 JavaThread "Signal Dispatcher" daemon [_thread_blocked, id=1020, stack(0x0000006b5ff00000,0x0000006b60000000)]
  0x000001d0e8931a50 JavaThread "Attach Listener" daemon [_thread_blocked, id=5672, stack(0x0000006b60000000,0x0000006b60100000)]
  0x000001d0e8934610 JavaThread "Service Thread" daemon [_thread_blocked, id=2496, stack(0x0000006b60100000,0x0000006b60200000)]
  0x000001d0e8936fd0 JavaThread "Monitor Deflation Thread" daemon [_thread_blocked, id=2268, stack(0x0000006b60200000,0x0000006b60300000)]
  0x000001d0e8937d60 JavaThread "C2 CompilerThread0" daemon [_thread_in_native, id=5612, stack(0x0000006b60300000,0x0000006b60400000)]
  0x000001d0e8938800 JavaThread "C1 CompilerThread0" daemon [_thread_blocked, id=2888, stack(0x0000006b60400000,0x0000006b60500000)]
  0x000001d0e8939610 JavaThread "Sweeper thread" daemon [_thread_blocked, id=1644, stack(0x0000006b60500000,0x0000006b60600000)]
  0x000001d0cdc8cb40 JavaThread "Common-Cleaner" daemon [_thread_blocked, id=5556, stack(0x0000006b60600000,0x0000006b60700000)]
  0x000001d0e9a253e0 JavaThread "Notification Thread" daemon [_thread_blocked, id=2376, stack(0x0000006b60b00000,0x0000006b60c00000)]

Other Threads:
=>0x000001d0e8917d70 VMThread "VM Thread" [stack: 0x0000006b5fc00000,0x0000006b5fd00000] [id=6084]
  0x000001d0cdbf04c0 WatcherThread [stack: 0x0000006b60c00000,0x0000006b60d00000] [id=3644]
  0x000001d0cdbe4450 GCTaskThread "GC Thread#0" [stack: 0x0000006b5f700000,0x0000006b5f800000] [id=5744]
  0x000001d0e9641c00 GCTaskThread "GC Thread#1" [stack: 0x0000006b60700000,0x0000006b60800000] [id=5212]
  0x000001d0cbb3df80 ConcurrentGCThread "G1 Main Marker" [stack: 0x0000006b5f800000,0x0000006b5f900000] [id=5728]
  0x000001d0cbb3e990 ConcurrentGCThread "G1 Conc#0" [stack: 0x0000006b5f900000,0x0000006b5fa00000] [id=3620]
  0x000001d0cdc34e90 ConcurrentGCThread "G1 Refine#0" [stack: 0x0000006b5fa00000,0x0000006b5fb00000] [id=5708]
  0x000001d0e9641eb0 ConcurrentGCThread "G1 Refine#1" [stack: 0x0000006b60800000,0x0000006b60900000] [id=5436]
  0x000001d0cdc358b0 ConcurrentGCThread "G1 Service" [stack: 0x0000006b5fb00000,0x0000006b5fc00000] [id=140]

Threads with active compile tasks:
C2 CompilerThread0     8601 3563 %     4       org.objectweb.asm.ClassReader::readCode @ 2186 (5109 bytes)

VM state: at safepoint (normal execution)

VM Mutex/Monitor currently owned by a thread:  ([mutex/lock_event])
[0x000001d0cdbb2470] Threads_lock - owner thread: 0x000001d0e8917d70
[0x000001d0cdbb1db0] Heap_lock - owner thread: 0x000001d0cdbb66a0

Heap address: 0x00000000c0000000, size: 1024 MB, Compressed Oops mode: 32-bit

CDS archive(s) mapped at: [0x0000000800000000-0x0000000800bc0000-0x0000000800bc0000), size 12320768, SharedBaseAddress: 0x0000000800000000, ArchiveRelocationMode: 0.
Compressed class space mapped at: 0x0000000800c00000-0x0000000840c00000, reserved size: 1073741824
Narrow klass base: 0x0000000800000000, Narrow klass shift: 0, Narrow klass range: 0x100000000

GC Precious Log:
 CPUs: 2 total, 2 available
 Memory: 4095M
 Large Page Support: Disabled
 NUMA Support: Disabled
 Compressed Oops: Enabled (32-bit)
 Heap Region Size: 1M
 Heap Min Capacity: 8M
 Heap Initial Capacity: 64M
 Heap Max Capacity: 1G
 Pre-touch: Disabled
 Parallel Workers: 2
 Concurrent Workers: 1
 Concurrent Refinement Workers: 2
 Periodic GC: Disabled

Heap:
 garbage-first heap   total 119808K, used 56439K [0x00000000c0000000, 0x0000000100000000)
  region size 1024K, 1 young (1024K), 1 survivors (1024K)
 Metaspace       used 22434K, committed 22592K, reserved 1073152K
  class space    used 2527K, committed 2624K, reserved 1048576K

Heap Regions: E=young(eden), S=young(survivor), O=old, HS=humongous(starts), HC=humongous(continues), CS=collection set, F=free, OA=open archive, CA=closed archive, TAMS=top-at-mark-start (previous, next)
|   0|0x00000000c0000000, 0x00000000c0100000, 0x00000000c0100000|100%| O|  |TAMS 0x00000000c0100000, 0x00000000c0000000| Untracked 
|   1|0x00000000c0100000, 0x00000000c0200000, 0x00000000c0200000|100%| O|  |TAMS 0x00000000c0200000, 0x00000000c0100000| Untracked 
|   2|0x00000000c0200000, 0x00000000c0300000, 0x00000000c0300000|100%| O|  |TAMS 0x00000000c0300000, 0x00000000c0200000| Untracked 
|   3|0x00000000c0300000, 0x00000000c0400000, 0x00000000c0400000|100%| O|  |TAMS 0x00000000c0400000, 0x00000000c0300000| Untracked 
|   4|0x00000000c0400000, 0x00000000c0500000, 0x00000000c0500000|100%|HS|  |TAMS 0x00000000c0500000, 0x00000000c0400000| Complete 
|   5|0x00000000c0500000, 0x00000000c0600000, 0x00000000c0600000|100%|HC|  |TAMS 0x00000000c0600000, 0x00000000c0500000| Complete 
|   6|0x00000000c0600000, 0x00000000c0700000, 0x00000000c0700000|100%|HC|  |TAMS 0x00000000c0700000, 0x00000000c0600000| Complete 
|   7|0x00000000c0700000, 0x00000000c0800000, 0x00000000c0800000|100%|HC|  |TAMS 0x00000000c0800000, 0x00000000c0700000| Complete 
|   8|0x00000000c0800000, 0x00000000c0900000, 0x00000000c0900000|100%| O|  |TAMS 0x00000000c0900000, 0x00000000c0800000| Untracked 
|   9|0x00000000c0900000, 0x00000000c0a00000, 0x00000000c0a00000|100%| O|  |TAMS 0x00000000c0a00000, 0x00000000c0900000| Untracked 
|  10|0x00000000c0a00000, 0x00000000c0b00000, 0x00000000c0b00000|100%| O|  |TAMS 0x00000000c0b00000, 0x00000000c0a00000| Untracked 
|  11|0x00000000c0b00000, 0x00000000c0c00000, 0x00000000c0c00000|100%| O|  |TAMS 0x00000000c0c00000, 0x00000000c0b00000| Untracked 
|  12|0x00000000c0c00000, 0x00000000c0d00000, 0x00000000c0d00000|100%| O|  |TAMS 0x00000000c0d00000, 0x00000000c0c00000| Untracked 
|  13|0x00000000c0d00000, 0x00000000c0e00000, 0x00000000c0e00000|100%| O|  |TAMS 0x00000000c0e00000, 0x00000000c0d00000| Untracked 
|  14|0x00000000c0e00000, 0x00000000c0f00000, 0x00000000c0f00000|100%| O|  |TAMS 0x00000000c0f00000, 0x00000000c0e00000| Untracked 
|  15|0x00000000c0f00000, 0x00000000c1000000, 0x00000000c1000000|100%| O|  |TAMS 0x00000000c1000000, 0x00000000c0f00000| Untracked 
|  16|0x00000000c1000000, 0x00000000c1100000, 0x00000000c1100000|100%| O|  |TAMS 0x00000000c1100000, 0x00000000c1000000| Untracked 
|  17|0x00000000c1100000, 0x00000000c1200000, 0x00000000c1200000|100%| O|  |TAMS 0x00000000c1200000, 0x00000000c1100000| Untracked 
|  18|0x00000000c1200000, 0x00000000c1300000, 0x00000000c1300000|100%| O|  |TAMS 0x00000000c1300000, 0x00000000c1200000| Untracked 
|  19|0x00000000c1300000, 0x00000000c1400000, 0x00000000c1400000|100%| O|  |TAMS 0x00000000c1400000, 0x00000000c1300000| Untracked 
|  20|0x00000000c1400000, 0x00000000c1500000, 0x00000000c1500000|100%| O|  |TAMS 0x00000000c1500000, 0x00000000c1400000| Untracked 
|  21|0x00000000c1500000, 0x00000000c1600000, 0x00000000c1600000|100%| O|  |TAMS 0x00000000c1600000, 0x00000000c1500000| Untracked 
|  22|0x00000000c1600000, 0x00000000c1700000, 0x00000000c1700000|100%| O|  |TAMS 0x00000000c1700000, 0x00000000c1600000| Untracked 
|  23|0x00000000c1700000, 0x00000000c1800000, 0x00000000c1800000|100%| O|  |TAMS 0x00000000c1800000, 0x00000000c1700000| Untracked 
|  24|0x00000000c1800000, 0x00000000c1900000, 0x00000000c1900000|100%| O|  |TAMS 0x00000000c1900000, 0x00000000c1800000| Untracked 
|  25|0x00000000c1900000, 0x00000000c1a00000, 0x00000000c1a00000|100%| O|  |TAMS 0x00000000c1a00000, 0x00000000c1900000| Untracked 
|  26|0x00000000c1a00000, 0x00000000c1b00000, 0x00000000c1b00000|100%| O|  |TAMS 0x00000000c1a00000, 0x00000000c1a00000| Untracked 
|  27|0x00000000c1b00000, 0x00000000c1c00000, 0x00000000c1c00000|100%| O|  |TAMS 0x00000000c1c00000, 0x00000000c1b00000| Untracked 
|  28|0x00000000c1c00000, 0x00000000c1d00000, 0x00000000c1d00000|100%| O|  |TAMS 0x00000000c1d00000, 0x00000000c1c00000| Untracked 
|  29|0x00000000c1d00000, 0x00000000c1d9dc08, 0x00000000c1e00000| 61%| O|  |TAMS 0x00000000c1d80a00, 0x00000000c1d00000| Untracked 
|  30|0x00000000c1e00000, 0x00000000c1f00000, 0x00000000c1f00000|100%| O|  |TAMS 0x00000000c1e00000, 0x00000000c1e00000| Untracked 
|  31|0x00000000c1f00000, 0x00000000c2000000, 0x00000000c2000000|100%| O|  |TAMS 0x00000000c1f00000, 0x00000000c1f00000| Untracked 
|  32|0x00000000c2000000, 0x00000000c2100000, 0x00000000c2100000|100%| O|  |TAMS 0x00000000c2100000, 0x00000000c2000000| Untracked 
|  33|0x00000000c2100000, 0x00000000c2200000, 0x00000000c2200000|100%| O|  |TAMS 0x00000000c2100000, 0x00000000c2100000| Untracked 
|  34|0x00000000c2200000, 0x00000000c2300000, 0x00000000c2300000|100%| O|  |TAMS 0x00000000c2200000, 0x00000000c2200000| Untracked 
|  35|0x00000000c2300000, 0x00000000c2400000, 0x00000000c2400000|100%| O|  |TAMS 0x00000000c2300000, 0x00000000c2300000| Untracked 
|  36|0x00000000c2400000, 0x00000000c2500000, 0x00000000c2500000|100%| O|  |TAMS 0x00000000c2400000, 0x00000000c2400000| Untracked 
|  37|0x00000000c2500000, 0x00000000c2600000, 0x00000000c2600000|100%| O|  |TAMS 0x00000000c2500000, 0x00000000c2500000| Untracked 
|  38|0x00000000c2600000, 0x00000000c2700000, 0x00000000c2700000|100%| O|  |TAMS 0x00000000c2600000, 0x00000000c2600000| Untracked 
|  39|0x00000000c2700000, 0x00000000c2800000, 0x00000000c2800000|100%| O|  |TAMS 0x00000000c2700000, 0x00000000c2700000| Untracked 
|  40|0x00000000c2800000, 0x00000000c2900000, 0x00000000c2900000|100%| O|  |TAMS 0x00000000c2800000, 0x00000000c2800000| Untracked 
|  41|0x00000000c2900000, 0x00000000c2a00000, 0x00000000c2a00000|100%| O|  |TAMS 0x00000000c2900000, 0x00000000c2900000| Untracked 
|  42|0x00000000c2a00000, 0x00000000c2b00000, 0x00000000c2b00000|100%| O|  |TAMS 0x00000000c2a00000, 0x00000000c2a00000| Untracked 
|  43|0x00000000c2b00000, 0x00000000c2c00000, 0x00000000c2c00000|100%| O|  |TAMS 0x00000000c2b00000, 0x00000000c2b00000| Untracked 
|  44|0x00000000c2c00000, 0x00000000c2d00000, 0x00000000c2d00000|100%| O|  |TAMS 0x00000000c2c00000, 0x00000000c2c00000| Untracked 
|  45|0x00000000c2d00000, 0x00000000c2e00000, 0x00000000c2e00000|100%| O|  |TAMS 0x00000000c2d00000, 0x00000000c2d00000| Untracked 
|  46|0x00000000c2e00000, 0x00000000c2f00000, 0x00000000c2f00000|100%| O|  |TAMS 0x00000000c2e00000, 0x00000000c2e00000| Untracked 
|  47|0x00000000c2f00000, 0x00000000c3000000, 0x00000000c3000000|100%| O|  |TAMS 0x00000000c2f00000, 0x00000000c2f00000| Untracked 
|  48|0x00000000c3000000, 0x00000000c3100000, 0x00000000c3100000|100%| O|  |TAMS 0x00000000c3000000, 0x00000000c3000000| Untracked 
|  49|0x00000000c3100000, 0x00000000c3200000, 0x00000000c3200000|100%| O|  |TAMS 0x00000000c3100000, 0x00000000c3100000| Untracked 
|  50|0x00000000c3200000, 0x00000000c3300000, 0x00000000c3300000|100%| O|  |TAMS 0x00000000c3200000, 0x00000000c3200000| Untracked 
|  51|0x00000000c3300000, 0x00000000c3400000, 0x00000000c3400000|100%| O|  |TAMS 0x00000000c3300000, 0x00000000c3300000| Untracked 
|  52|0x00000000c3400000, 0x00000000c3500000, 0x00000000c3500000|100%| O|  |TAMS 0x00000000c3400000, 0x00000000c3400000| Untracked 
|  53|0x00000000c3500000, 0x00000000c3600000, 0x00000000c3600000|100%| O|  |TAMS 0x00000000c3500000, 0x00000000c3500000| Untracked 
|  54|0x00000000c3600000, 0x00000000c3680000, 0x00000000c3700000| 50%| O|  |TAMS 0x00000000c3600000, 0x00000000c3600000| Untracked 
|  55|0x00000000c3700000, 0x00000000c3700000, 0x00000000c3800000|  0%| F|  |TAMS 0x00000000c3700000, 0x00000000c3700000| Untracked 
|  56|0x00000000c3800000, 0x00000000c3800000, 0x00000000c3900000|  0%| F|  |TAMS 0x00000000c3800000, 0x00000000c3800000| Untracked 
|  57|0x00000000c3900000, 0x00000000c3900000, 0x00000000c3a00000|  0%| F|  |TAMS 0x00000000c3900000, 0x00000000c3900000| Untracked 
|  58|0x00000000c3a00000, 0x00000000c3a00000, 0x00000000c3b00000|  0%| F|  |TAMS 0x00000000c3a00000, 0x00000000c3a00000| Untracked 
|  59|0x00000000c3b00000, 0x00000000c3b00000, 0x00000000c3c00000|  0%| F|  |TAMS 0x00000000c3b00000, 0x00000000c3b00000| Untracked 
|  60|0x00000000c3c00000, 0x00000000c3c00000, 0x00000000c3d00000|  0%| F|  |TAMS 0x00000000c3c00000, 0x00000000c3c00000| Untracked 
|  61|0x00000000c3d00000, 0x00000000c3d00000, 0x00000000c3e00000|  0%| F|  |TAMS 0x00000000c3d00000, 0x00000000c3d00000| Untracked 
|  62|0x00000000c3e00000, 0x00000000c3e00000, 0x00000000c3f00000|  0%| F|  |TAMS 0x00000000c3e00000, 0x00000000c3e00000| Untracked 
|  63|0x00000000c3f00000, 0x00000000c3f00000, 0x00000000c4000000|  0%| F|  |TAMS 0x00000000c3f00000, 0x00000000c3f00000| Untracked 
|  64|0x00000000c4000000, 0x00000000c4000000, 0x00000000c4100000|  0%| F|  |TAMS 0x00000000c4000000, 0x00000000c4000000| Untracked 
|  65|0x00000000c4100000, 0x00000000c4100000, 0x00000000c4200000|  0%| F|  |TAMS 0x00000000c4100000, 0x00000000c4100000| Untracked 
|  66|0x00000000c4200000, 0x00000000c4200000, 0x00000000c4300000|  0%| F|  |TAMS 0x00000000c4200000, 0x00000000c4200000| Untracked 
|  67|0x00000000c4300000, 0x00000000c4300000, 0x00000000c4400000|  0%| F|  |TAMS 0x00000000c4300000, 0x00000000c4300000| Untracked 
|  68|0x00000000c4400000, 0x00000000c4400000, 0x00000000c4500000|  0%| F|  |TAMS 0x00000000c4400000, 0x00000000c4400000| Untracked 
|  69|0x00000000c4500000, 0x00000000c4500000, 0x00000000c4600000|  0%| F|  |TAMS 0x00000000c4500000, 0x00000000c4500000| Untracked 
|  70|0x00000000c4600000, 0x00000000c4600000, 0x00000000c4700000|  0%| F|  |TAMS 0x00000000c4600000, 0x00000000c4600000| Untracked 
|  71|0x00000000c4700000, 0x00000000c4700000, 0x00000000c4800000|  0%| F|  |TAMS 0x00000000c4700000, 0x00000000c4700000| Untracked 
|  72|0x00000000c4800000, 0x00000000c4800000, 0x00000000c4900000|  0%| F|  |TAMS 0x00000000c4800000, 0x00000000c4800000| Untracked 
|  73|0x00000000c4900000, 0x00000000c4900000, 0x00000000c4a00000|  0%| F|  |TAMS 0x00000000c4900000, 0x00000000c4900000| Untracked 
|  74|0x00000000c4a00000, 0x00000000c4a00000, 0x00000000c4b00000|  0%| F|  |TAMS 0x00000000c4a00000, 0x00000000c4a00000| Untracked 
|  75|0x00000000c4b00000, 0x00000000c4b00000, 0x00000000c4c00000|  0%| F|  |TAMS 0x00000000c4b00000, 0x00000000c4b00000| Untracked 
|  76|0x00000000c4c00000, 0x00000000c4c00000, 0x00000000c4d00000|  0%| F|  |TAMS 0x00000000c4c00000, 0x00000000c4c00000| Untracked 
|  77|0x00000000c4d00000, 0x00000000c4d00000, 0x00000000c4e00000|  0%| F|  |TAMS 0x00000000c4d00000, 0x00000000c4d00000| Untracked 
|  78|0x00000000c4e00000, 0x00000000c4e00000, 0x00000000c4f00000|  0%| F|  |TAMS 0x00000000c4e00000, 0x00000000c4e00000| Untracked 
|  79|0x00000000c4f00000, 0x00000000c4f00000, 0x00000000c5000000|  0%| F|  |TAMS 0x00000000c4f00000, 0x00000000c4f00000| Untracked 
|  80|0x00000000c5000000, 0x00000000c5000000, 0x00000000c5100000|  0%| F|  |TAMS 0x00000000c5000000, 0x00000000c5000000| Untracked 
|  81|0x00000000c5100000, 0x00000000c5200000, 0x00000000c5200000|100%| S|CS|TAMS 0x00000000c5100000, 0x00000000c5100000| Complete 
|  82|0x00000000c5200000, 0x00000000c5200000, 0x00000000c5300000|  0%| F|  |TAMS 0x00000000c5200000, 0x00000000c5200000| Untracked 
|  83|0x00000000c5300000, 0x00000000c5300000, 0x00000000c5400000|  0%| F|  |TAMS 0x00000000c5300000, 0x00000000c5300000| Untracked 
|  84|0x00000000c5400000, 0x00000000c5400000, 0x00000000c5500000|  0%| F|  |TAMS 0x00000000c5400000, 0x00000000c5400000| Untracked 
|  85|0x00000000c5500000, 0x00000000c5500000, 0x00000000c5600000|  0%| F|  |TAMS 0x00000000c5500000, 0x00000000c5500000| Untracked 
|  86|0x00000000c5600000, 0x00000000c5600000, 0x00000000c5700000|  0%| F|  |TAMS 0x00000000c5600000, 0x00000000c5600000| Untracked 
|  87|0x00000000c5700000, 0x00000000c5700000, 0x00000000c5800000|  0%| F|  |TAMS 0x00000000c5700000, 0x00000000c5700000| Untracked 
|  88|0x00000000c5800000, 0x00000000c5800000, 0x00000000c5900000|  0%| F|  |TAMS 0x00000000c5800000, 0x00000000c5800000| Untracked 
|  89|0x00000000c5900000, 0x00000000c5900000, 0x00000000c5a00000|  0%| F|  |TAMS 0x00000000c5900000, 0x00000000c5900000| Untracked 
|  90|0x00000000c5a00000, 0x00000000c5a00000, 0x00000000c5b00000|  0%| F|  |TAMS 0x00000000c5a00000, 0x00000000c5a00000| Untracked 
|  91|0x00000000c5b00000, 0x00000000c5b00000, 0x00000000c5c00000|  0%| F|  |TAMS 0x00000000c5b00000, 0x00000000c5b00000| Untracked 
|  92|0x00000000c5c00000, 0x00000000c5c00000, 0x00000000c5d00000|  0%| F|  |TAMS 0x00000000c5c00000, 0x00000000c5c00000| Untracked 
|  93|0x00000000c5d00000, 0x00000000c5d00000, 0x00000000c5e00000|  0%| F|  |TAMS 0x00000000c5d00000, 0x00000000c5d00000| Untracked 
|  94|0x00000000c5e00000, 0x00000000c5e00000, 0x00000000c5f00000|  0%| F|  |TAMS 0x00000000c5e00000, 0x00000000c5e00000| Untracked 
|  95|0x00000000c5f00000, 0x00000000c5f00000, 0x00000000c6000000|  0%| F|  |TAMS 0x00000000c5f00000, 0x00000000c5f00000| Untracked 
|  96|0x00000000c6000000, 0x00000000c6000000, 0x00000000c6100000|  0%| F|  |TAMS 0x00000000c6000000, 0x00000000c6000000| Untracked 
|  97|0x00000000c6100000, 0x00000000c6100000, 0x00000000c6200000|  0%| F|  |TAMS 0x00000000c6100000, 0x00000000c6100000| Untracked 
|  98|0x00000000c6200000, 0x00000000c6200000, 0x00000000c6300000|  0%| F|  |TAMS 0x00000000c6200000, 0x00000000c6200000| Untracked 
|  99|0x00000000c6300000, 0x00000000c6300000, 0x00000000c6400000|  0%| F|  |TAMS 0x00000000c6300000, 0x00000000c6300000| Untracked 
| 100|0x00000000c6400000, 0x00000000c6400000, 0x00000000c6500000|  0%| F|  |TAMS 0x00000000c6400000, 0x00000000c6400000| Untracked 
| 101|0x00000000c6500000, 0x00000000c6500000, 0x00000000c6600000|  0%| F|  |TAMS 0x00000000c6500000, 0x00000000c6500000| Untracked 
| 102|0x00000000c6600000, 0x00000000c6600000, 0x00000000c6700000|  0%| F|  |TAMS 0x00000000c6600000, 0x00000000c6600000| Untracked 
| 103|0x00000000c6700000, 0x00000000c6700000, 0x00000000c6800000|  0%| F|  |TAMS 0x00000000c6700000, 0x00000000c6700000| Untracked 
| 104|0x00000000c6800000, 0x00000000c6800000, 0x00000000c6900000|  0%| F|  |TAMS 0x00000000c6800000, 0x00000000c6800000| Untracked 
| 105|0x00000000c6900000, 0x00000000c6900000, 0x00000000c6a00000|  0%| F|  |TAMS 0x00000000c6900000, 0x00000000c6900000| Untracked 
| 106|0x00000000c6a00000, 0x00000000c6a00000, 0x00000000c6b00000|  0%| F|  |TAMS 0x00000000c6a00000, 0x00000000c6a00000| Untracked 
| 107|0x00000000c6b00000, 0x00000000c6b00000, 0x00000000c6c00000|  0%| F|  |TAMS 0x00000000c6b00000, 0x00000000c6b00000| Untracked 
| 108|0x00000000c6c00000, 0x00000000c6c00000, 0x00000000c6d00000|  0%| F|  |TAMS 0x00000000c6c00000, 0x00000000c6c00000| Untracked 
| 109|0x00000000c6d00000, 0x00000000c6d00000, 0x00000000c6e00000|  0%| F|  |TAMS 0x00000000c6d00000, 0x00000000c6d00000| Untracked 
| 110|0x00000000c6e00000, 0x00000000c6e00000, 0x00000000c6f00000|  0%| F|  |TAMS 0x00000000c6e00000, 0x00000000c6e00000| Untracked 
| 111|0x00000000c6f00000, 0x00000000c6f00000, 0x00000000c7000000|  0%| F|  |TAMS 0x00000000c6f00000, 0x00000000c6f00000| Untracked 
| 112|0x00000000c7000000, 0x00000000c7000000, 0x00000000c7100000|  0%| F|  |TAMS 0x00000000c7000000, 0x00000000c7000000| Untracked 
| 113|0x00000000c7100000, 0x00000000c7100000, 0x00000000c7200000|  0%| F|  |TAMS 0x00000000c7100000, 0x00000000c7100000| Untracked 
| 114|0x00000000c7200000, 0x00000000c7200000, 0x00000000c7300000|  0%| F|  |TAMS 0x00000000c7200000, 0x00000000c7200000| Untracked 
| 115|0x00000000c7300000, 0x00000000c7300000, 0x00000000c7400000|  0%| F|  |TAMS 0x00000000c7300000, 0x00000000c7300000| Untracked 
| 116|0x00000000c7400000, 0x00000000c7400000, 0x00000000c7500000|  0%| F|  |TAMS 0x00000000c7400000, 0x00000000c7400000| Untracked 

Card table byte_map: [0x000001d0cd990000,0x000001d0cdb90000] _byte_map_base: 0x000001d0cd390000

Marking Bits (Prev, Next): (CMBitMap*) 0x000001d0cdbe4aa0, (CMBitMap*) 0x000001d0cdbe4a60
 Prev Bits: [0x000001d0e5610000, 0x000001d0e6610000)
 Next Bits: [0x000001d0e4610000, 0x000001d0e5610000)

Polling page: 0x000001d0cbb90000

Metaspace:

Usage:
  Non-class:     19.44 MB used.
      Class:      2.47 MB used.
       Both:     21.91 MB used.

Virtual space:
  Non-class space:       24.00 MB reserved,      19.50 MB ( 81%) committed,  3 nodes.
      Class space:        1.00 GB reserved,       2.56 MB ( <1%) committed,  1 nodes.
             Both:        1.02 GB reserved,      22.06 MB (  2%) committed. 

Chunk freelists:
   Non-Class:  3.88 MB
       Class:  1.44 MB
        Both:  5.31 MB

MaxMetaspaceSize: unlimited
CompressedClassSpaceSize: 1.00 GB
Initial GC threshold: 21.00 MB
Current GC threshold: 35.13 MB
CDS: on
MetaspaceReclaimPolicy: balanced
 - commit_granule_bytes: 65536.
 - commit_granule_words: 8192.
 - virtual_space_node_default_size: 1048576.
 - enlarge_chunks_in_place: 1.
 - new_chunks_are_fully_committed: 0.
 - uncommit_free_chunks: 1.
 - use_allocation_guard: 0.
 - handle_deallocations: 1.


Internal statistics:

num_allocs_failed_limit: 3.
num_arena_births: 178.
num_arena_deaths: 0.
num_vsnodes_births: 4.
num_vsnodes_deaths: 0.
num_space_committed: 353.
num_space_uncommitted: 0.
num_chunks_returned_to_freelist: 3.
num_chunks_taken_from_freelist: 663.
num_chunk_merges: 3.
num_chunk_splits: 430.
num_chunks_enlarged: 306.
num_purges: 0.
num_inconsistent_stats: 0.

CodeHeap 'non-profiled nmethods': size=120064Kb used=1486Kb max_used=1486Kb free=118577Kb
 bounds [0x000001d0dced0000, 0x000001d0dd140000, 0x000001d0e4410000]
CodeHeap 'profiled nmethods': size=120000Kb used=8363Kb max_used=8363Kb free=111636Kb
 bounds [0x000001d0d59a0000, 0x000001d0d61d0000, 0x000001d0dced0000]
CodeHeap 'non-nmethods': size=5696Kb used=1276Kb max_used=1395Kb free=4419Kb
 bounds [0x000001d0d5410000, 0x000001d0d5680000, 0x000001d0d59a0000]
 total_blobs=4367 nmethods=3790 adapters=489
 compilation: enabled
              stopped_count=0, restarted_count=0
 full_count=0

Compilation events (20 events):
Event: 8.449 Thread 0x000001d0e8938800 3852   !   2       org.spongepowered.asm.util.asm.ClassNodeAdapter::getNestMembers (45 bytes)
Event: 8.449 Thread 0x000001d0e8938800 nmethod 3852 0x000001d0d61c0890 code [0x000001d0d61c0a80, 0x000001d0d61c0d78]
Event: 8.451 Thread 0x000001d0e8938800 3853       2       java.lang.reflect.Method::getDefaultValue (110 bytes)
Event: 8.452 Thread 0x000001d0e8938800 nmethod 3853 0x000001d0d61c0f90 code [0x000001d0d61c1200, 0x000001d0d61c18b8]
Event: 8.452 Thread 0x000001d0e8938800 3854       2       java.lang.Class::searchMethods (104 bytes)
Event: 8.453 Thread 0x000001d0e8938800 nmethod 3854 0x000001d0d61c1d10 code [0x000001d0d61c1f00, 0x000001d0d61c2368]
Event: 8.454 Thread 0x000001d0e8938800 3855       2       java.lang.Class::getDeclaredMethod (63 bytes)
Event: 8.455 Thread 0x000001d0e8938800 nmethod 3855 0x000001d0d61c2710 code [0x000001d0d61c2940, 0x000001d0d61c2e58]
Event: 8.463 Thread 0x000001d0e8938800 3857       2       org.spongepowered.asm.util.Bytecode::hasFlag (16 bytes)
Event: 8.463 Thread 0x000001d0e8938800 nmethod 3857 0x000001d0d61c3190 code [0x000001d0d61c3320, 0x000001d0d61c3418]
Event: 8.464 Thread 0x000001d0e8938800 3858       2       org.spongepowered.asm.mixin.transformer.MixinPreProcessorInterface::prepareMethod (165 bytes)
Event: 8.466 Thread 0x000001d0e8938800 nmethod 3858 0x000001d0d61c3510 code [0x000001d0d61c3840, 0x000001d0d61c4608]
Event: 8.468 Thread 0x000001d0e8938800 3859       2       org.spongepowered.include.com.google.common.base.Preconditions::checkNotNull (18 bytes)
Event: 8.468 Thread 0x000001d0e8938800 nmethod 3859 0x000001d0d61c4d90 code [0x000001d0d61c4f40, 0x000001d0d61c5138]
Event: 8.485 Thread 0x000001d0e8938800 3861   !   2       org.spongepowered.asm.mixin.transformer.MixinConfig::prepareMixins (619 bytes)
Event: 8.489 Thread 0x000001d0e8938800 nmethod 3861 0x000001d0d61c5290 code [0x000001d0d61c58e0, 0x000001d0d61c7868]
Event: 8.492 Thread 0x000001d0e8938800 3862   !   2       org.spongepowered.asm.util.Annotations::getValue (37 bytes)
Event: 8.492 Thread 0x000001d0e8938800 nmethod 3862 0x000001d0d61c8f90 code [0x000001d0d61c9160, 0x000001d0d61c94d8]
Event: 8.497 Thread 0x000001d0e8938800 3864 %     3       org.spongepowered.asm.mixin.transformer.ClassInfo::findMember @ 30 (152 bytes)
Event: 8.498 Thread 0x000001d0e8938800 nmethod 3864% 0x000001d0d61c9710 code [0x000001d0d61c99a0, 0x000001d0d61caa38]

GC Heap History (20 events):
Event: 2.429 GC heap after
{Heap after GC invocations=6 (full 0):
 garbage-first heap   total 79872K, used 28160K [0x00000000c0000000, 0x0000000100000000)
  region size 1024K, 1 young (1024K), 1 survivors (1024K)
 Metaspace       used 11425K, committed 11584K, reserved 1064960K
  class space    used 1212K, committed 1280K, reserved 1048576K
}
Event: 2.956 GC heap before
{Heap before GC invocations=6 (full 0):
 garbage-first heap   total 79872K, used 46592K [0x00000000c0000000, 0x0000000100000000)
  region size 1024K, 19 young (19456K), 1 survivors (1024K)
 Metaspace       used 13936K, committed 14144K, reserved 1064960K
  class space    used 1520K, committed 1600K, reserved 1048576K
}
Event: 2.963 GC heap after
{Heap after GC invocations=7 (full 0):
 garbage-first heap   total 79872K, used 29485K [0x00000000c0000000, 0x0000000100000000)
  region size 1024K, 3 young (3072K), 3 survivors (3072K)
 Metaspace       used 13936K, committed 14144K, reserved 1064960K
  class space    used 1520K, committed 1600K, reserved 1048576K
}
Event: 4.695 GC heap before
{Heap before GC invocations=7 (full 0):
 garbage-first heap   total 79872K, used 49965K [0x00000000c0000000, 0x0000000100000000)
  region size 1024K, 23 young (23552K), 3 survivors (3072K)
 Metaspace       used 16938K, committed 17152K, reserved 1064960K
  class space    used 1885K, committed 1984K, reserved 1048576K
}
Event: 4.702 GC heap after
{Heap after GC invocations=8 (full 0):
 garbage-first heap   total 79872K, used 30621K [0x00000000c0000000, 0x0000000100000000)
  region size 1024K, 3 young (3072K), 3 survivors (3072K)
 Metaspace       used 16938K, committed 17152K, reserved 1064960K
  class space    used 1885K, committed 1984K, reserved 1048576K
}
Event: 5.870 GC heap before
{Heap before GC invocations=8 (full 0):
 garbage-first heap   total 79872K, used 56221K [0x00000000c0000000, 0x0000000100000000)
  region size 1024K, 25 young (25600K), 3 survivors (3072K)
 Metaspace       used 18400K, committed 18624K, reserved 1073152K
  class space    used 2063K, committed 2176K, reserved 1048576K
}
Event: 5.879 GC heap after
{Heap after GC invocations=9 (full 0):
 garbage-first heap   total 79872K, used 33029K [0x00000000c0000000, 0x0000000100000000)
  region size 1024K, 4 young (4096K), 4 survivors (4096K)
 Metaspace       used 18400K, committed 18624K, reserved 1073152K
  class space    used 2063K, committed 2176K, reserved 1048576K
}
Event: 6.427 GC heap before
{Heap before GC invocations=9 (full 0):
 garbage-first heap   total 79872K, used 55557K [0x00000000c0000000, 0x0000000100000000)
  region size 1024K, 26 young (26624K), 4 survivors (4096K)
 Metaspace       used 20301K, committed 20544K, reserved 1073152K
  class space    used 2330K, committed 2432K, reserved 1048576K
}
Event: 6.447 GC heap after
{Heap after GC invocations=10 (full 0):
 garbage-first heap   total 79872K, used 32995K [0x00000000c0000000, 0x0000000100000000)
  region size 1024K, 2 young (2048K), 2 survivors (2048K)
 Metaspace       used 20301K, committed 20544K, reserved 1073152K
  class space    used 2330K, committed 2432K, reserved 1048576K
}
Event: 6.948 GC heap before
{Heap before GC invocations=10 (full 0):
 garbage-first heap   total 79872K, used 50403K [0x00000000c0000000, 0x0000000100000000)
  region size 1024K, 20 young (20480K), 2 survivors (2048K)
 Metaspace       used 21289K, committed 21504K, reserved 1073152K
  class space    used 2430K, committed 2560K, reserved 1048576K
}
Event: 6.958 GC heap after
{Heap after GC invocations=11 (full 0):
 garbage-first heap   total 145408K, used 35447K [0x00000000c0000000, 0x0000000100000000)
  region size 1024K, 4 young (4096K), 4 survivors (4096K)
 Metaspace       used 21289K, committed 21504K, reserved 1073152K
  class space    used 2430K, committed 2560K, reserved 1048576K
}
Event: 7.632 GC heap before
{Heap before GC invocations=12 (full 0):
 garbage-first heap   total 119808K, used 100983K [0x00000000c0000000, 0x0000000100000000)
  region size 1024K, 69 young (70656K), 4 survivors (4096K)
 Metaspace       used 21830K, committed 22016K, reserved 1073152K
  class space    used 2472K, committed 2560K, reserved 1048576K
}
Event: 7.651 GC heap after
{Heap after GC invocations=13 (full 0):
 garbage-first heap   total 119808K, used 42363K [0x00000000c0000000, 0x0000000100000000)
  region size 1024K, 9 young (9216K), 9 survivors (9216K)
 Metaspace       used 21830K, committed 22016K, reserved 1073152K
  class space    used 2472K, committed 2560K, reserved 1048576K
}
Event: 7.658 GC heap before
{Heap before GC invocations=13 (full 0):
 garbage-first heap   total 119808K, used 43387K [0x00000000c0000000, 0x0000000100000000)
  region size 1024K, 10 young (10240K), 9 survivors (9216K)
 Metaspace       used 21830K, committed 22016K, reserved 1073152K
  class space    used 2472K, committed 2560K, reserved 1048576K
}
Event: 7.678 GC heap after
{Heap after GC invocations=14 (full 0):
 garbage-first heap   total 119808K, used 42896K [0x00000000c0000000, 0x0000000100000000)
  region size 1024K, 1 young (1024K), 1 survivors (1024K)
 Metaspace       used 21830K, committed 22016K, reserved 1073152K
  class space    used 2472K, committed 2560K, reserved 1048576K
}
Event: 7.963 GC heap before
{Heap before GC invocations=14 (full 0):
 garbage-first heap   total 119808K, used 91024K [0x00000000c0000000, 0x0000000100000000)
  region size 1024K, 48 young (49152K), 1 survivors (1024K)
 Metaspace       used 21896K, committed 22144K, reserved 1073152K
  class space    used 2473K, committed 2560K, reserved 1048576K
}
Event: 7.984 GC heap after
{Heap after GC invocations=15 (full 0):
 garbage-first heap   total 119808K, used 48011K [0x00000000c0000000, 0x0000000100000000)
  region size 1024K, 6 young (6144K), 6 survivors (6144K)
 Metaspace       used 21896K, committed 22144K, reserved 1073152K
  class space    used 2473K, committed 2560K, reserved 1048576K
}
Event: 8.191 GC heap before
{Heap before GC invocations=15 (full 0):
 garbage-first heap   total 119808K, used 91019K [0x00000000c0000000, 0x0000000100000000)
  region size 1024K, 48 young (49152K), 6 survivors (6144K)
 Metaspace       used 22008K, committed 22272K, reserved 1073152K
  class space    used 2488K, committed 2624K, reserved 1048576K
}
Event: 8.233 GC heap after
{Heap after GC invocations=16 (full 0):
 garbage-first heap   total 119808K, used 55437K [0x00000000c0000000, 0x0000000100000000)
  region size 1024K, 6 young (6144K), 6 survivors (6144K)
 Metaspace       used 22008K, committed 22272K, reserved 1073152K
  class space    used 2488K, committed 2624K, reserved 1048576K
}
Event: 8.521 GC heap before
{Heap before GC invocations=16 (full 0):
 garbage-first heap   total 119808K, used 91277K [0x00000000c0000000, 0x0000000100000000)
  region size 1024K, 41 young (41984K), 6 survivors (6144K)
 Metaspace       used 22434K, committed 22592K, reserved 1073152K
  class space    used 2527K, committed 2624K, reserved 1048576K
}

Deoptimization events (20 events):
Event: 8.340 Thread 0x000001d0cdbb66a0 DEOPT PACKING pc=0x000001d0d606323f sp=0x0000006b5f6fe3b0
Event: 8.340 Thread 0x000001d0cdbb66a0 DEOPT UNPACKING pc=0x000001d0d5466763 sp=0x0000006b5f6fd848 mode 0
Event: 8.341 Thread 0x000001d0cdbb66a0 DEOPT PACKING pc=0x000001d0d5dfddcb sp=0x0000006b5f6fdee0
Event: 8.341 Thread 0x000001d0cdbb66a0 DEOPT UNPACKING pc=0x000001d0d5466763 sp=0x0000006b5f6fd400 mode 0
Event: 8.349 Thread 0x000001d0cdbb66a0 DEOPT PACKING pc=0x000001d0d5dad687 sp=0x0000006b5f6fe570
Event: 8.349 Thread 0x000001d0cdbb66a0 DEOPT UNPACKING pc=0x000001d0d5466763 sp=0x0000006b5f6fd9f8 mode 0
Event: 8.389 Thread 0x000001d0cdbb66a0 DEOPT PACKING pc=0x000001d0d618832c sp=0x0000006b5f6fe700
Event: 8.389 Thread 0x000001d0cdbb66a0 DEOPT UNPACKING pc=0x000001d0d5466763 sp=0x0000006b5f6fdbc8 mode 0
Event: 8.440 Thread 0x000001d0cdbb66a0 DEOPT PACKING pc=0x000001d0d5dfddcb sp=0x0000006b5f6fde80
Event: 8.440 Thread 0x000001d0cdbb66a0 DEOPT UNPACKING pc=0x000001d0d5466763 sp=0x0000006b5f6fd3a0 mode 0
Event: 8.442 Thread 0x000001d0cdbb66a0 DEOPT PACKING pc=0x000001d0d5f44602 sp=0x0000006b5f6fe060
Event: 8.442 Thread 0x000001d0cdbb66a0 DEOPT UNPACKING pc=0x000001d0d5466763 sp=0x0000006b5f6fd520 mode 0
Event: 8.472 Thread 0x000001d0cdbb66a0 DEOPT PACKING pc=0x000001d0d5dfddcb sp=0x0000006b5f6fde50
Event: 8.472 Thread 0x000001d0cdbb66a0 DEOPT UNPACKING pc=0x000001d0d5466763 sp=0x0000006b5f6fd370 mode 0
Event: 8.483 Thread 0x000001d0cdbb66a0 DEOPT PACKING pc=0x000001d0d5dfddcb sp=0x0000006b5f6fdd40
Event: 8.483 Thread 0x000001d0cdbb66a0 DEOPT UNPACKING pc=0x000001d0d5466763 sp=0x0000006b5f6fd260 mode 0
Event: 8.498 Thread 0x000001d0cdbb66a0 DEOPT PACKING pc=0x000001d0d6185263 sp=0x0000006b5f6fe590
Event: 8.498 Thread 0x000001d0cdbb66a0 DEOPT UNPACKING pc=0x000001d0d5466763 sp=0x0000006b5f6fda58 mode 0
Event: 8.500 Thread 0x000001d0cdbb66a0 DEOPT PACKING pc=0x000001d0d605a3b8 sp=0x0000006b5f6fdef0
Event: 8.500 Thread 0x000001d0cdbb66a0 DEOPT UNPACKING pc=0x000001d0d5466763 sp=0x0000006b5f6fd408 mode 0

Classes unloaded (0 events):
No events

Classes redefined (0 events):
No events

Internal exceptions (20 events):
Event: 6.067 Thread 0x000001d0cdbb66a0 Exception <a 'sun/nio/fs/WindowsException'{0x00000000c4aeb330}> (0x00000000c4aeb330) 
thrown [t:\workspace\open\src\hotspot\share\prims\jni.cpp, line 516]
Event: 6.067 Thread 0x000001d0cdbb66a0 Exception <a 'sun/nio/fs/WindowsException'{0x00000000c4aec4b0}> (0x00000000c4aec4b0) 
thrown [t:\workspace\open\src\hotspot\share\prims\jni.cpp, line 516]
Event: 6.068 Thread 0x000001d0cdbb66a0 Exception <a 'sun/nio/fs/WindowsException'{0x00000000c4aed630}> (0x00000000c4aed630) 
thrown [t:\workspace\open\src\hotspot\share\prims\jni.cpp, line 516]
Event: 6.068 Thread 0x000001d0cdbb66a0 Exception <a 'sun/nio/fs/WindowsException'{0x00000000c4aee7c0}> (0x00000000c4aee7c0) 
thrown [t:\workspace\open\src\hotspot\share\prims\jni.cpp, line 516]
Event: 6.068 Thread 0x000001d0cdbb66a0 Exception <a 'sun/nio/fs/WindowsException'{0x00000000c4aefb00}> (0x00000000c4aefb00) 
thrown [t:\workspace\open\src\hotspot\share\prims\jni.cpp, line 516]
Event: 6.068 Thread 0x000001d0cdbb66a0 Exception <a 'sun/nio/fs/WindowsException'{0x00000000c4af0e68}> (0x00000000c4af0e68) 
thrown [t:\workspace\open\src\hotspot\share\prims\jni.cpp, line 516]
Event: 6.069 Thread 0x000001d0cdbb66a0 Exception <a 'sun/nio/fs/WindowsException'{0x00000000c4af1ff8}> (0x00000000c4af1ff8) 
thrown [t:\workspace\open\src\hotspot\share\prims\jni.cpp, line 516]
Event: 6.069 Thread 0x000001d0cdbb66a0 Exception <a 'sun/nio/fs/WindowsException'{0x00000000c4af3288}> (0x00000000c4af3288) 
thrown [t:\workspace\open\src\hotspot\share\prims\jni.cpp, line 516]
Event: 6.069 Thread 0x000001d0cdbb66a0 Exception <a 'sun/nio/fs/WindowsException'{0x00000000c4af4418}> (0x00000000c4af4418) 
thrown [t:\workspace\open\src\hotspot\share\prims\jni.cpp, line 516]
Event: 6.069 Thread 0x000001d0cdbb66a0 Exception <a 'sun/nio/fs/WindowsException'{0x00000000c4af55a8}> (0x00000000c4af55a8) 
thrown [t:\workspace\open\src\hotspot\share\prims\jni.cpp, line 516]
Event: 6.070 Thread 0x000001d0cdbb66a0 Exception <a 'sun/nio/fs/WindowsException'{0x00000000c4af6838}> (0x00000000c4af6838) 
thrown [t:\workspace\open\src\hotspot\share\prims\jni.cpp, line 516]
Event: 6.070 Thread 0x000001d0cdbb66a0 Exception <a 'sun/nio/fs/WindowsException'{0x00000000c4af7e48}> (0x00000000c4af7e48) 
thrown [t:\workspace\open\src\hotspot\share\prims\jni.cpp, line 516]
Event: 6.197 Thread 0x000001d0cdbb66a0 Exception <a 'java/lang/NoSuchMethodError'{0x00000000c4735310}: 'int java.lang.invoke.DirectMethodHandle$Holder.invokeStaticInit(java.lang.Object, int, java.lang.Object, int)'> (0x00000000c4735310) 
thrown [t:\workspace\open\src\hotspot\share\interpreter\linkResolver.cpp, line 766]
Event: 6.272 Thread 0x000001d0cdbb66a0 Exception <a 'java/lang/NoClassDefFoundError'{0x00000000c4413fa8}: net/minecraft/launchwrapper/Launch> (0x00000000c4413fa8) 
thrown [t:\workspace\open\src\hotspot\share\classfile\systemDictionary.cpp, line 245]
Event: 6.272 Thread 0x000001d0cdbb66a0 Exception <a 'java/lang/reflect/InvocationTargetException'{0x00000000c4414278}> (0x00000000c4414278) 
thrown [t:\workspace\open\src\hotspot\share\runtime\reflection.cpp, line 1121]
Event: 6.273 Thread 0x000001d0cdbb66a0 Exception <a 'java/lang/NoClassDefFoundError'{0x00000000c4423718}: cpw/mods/modlauncher/Launcher> (0x00000000c4423718) 
thrown [t:\workspace\open\src\hotspot\share\classfile\systemDictionary.cpp, line 245]
Event: 6.273 Thread 0x000001d0cdbb66a0 Exception <a 'java/lang/reflect/InvocationTargetException'{0x00000000c44239e8}> (0x00000000c44239e8) 
thrown [t:\workspace\open\src\hotspot\share\runtime\reflection.cpp, line 1121]
Event: 6.359 Thread 0x000001d0cdbb66a0 Exception <a 'sun/nio/fs/WindowsException'{0x00000000c3e2d8e0}> (0x00000000c3e2d8e0) 
thrown [t:\workspace\open\src\hotspot\share\prims\jni.cpp, line 516]
Event: 6.634 Thread 0x000001d0cdbb66a0 Exception <a 'java/lang/NoSuchMethodError'{0x00000000c4886f30}: 'void java.lang.invoke.DirectMethodHandle$Holder.invokeInterface(java.lang.Object, java.lang.Object)'> (0x00000000c4886f30) 
thrown [t:\workspace\open\src\hotspot\share\interpreter\linkResolver.cpp, line 766]
Event: 6.883 Thread 0x000001d0cdbb66a0 Exception <a 'java/lang/NoSuchMethodError'{0x00000000c3f3a0f8}: 'int java.lang.invoke.DirectMethodHandle$Holder.invokeVirtual(java.lang.Object, java.lang.Object)'> (0x00000000c3f3a0f8) 
thrown [t:\workspace\open\src\hotspot\share\interpreter\linkResolver.cpp, line 766]

VM Operations (20 events):
Event: 8.344 Executing VM operation: ICBufferFull done
Event: 8.366 Executing VM operation: ICBufferFull
Event: 8.366 Executing VM operation: ICBufferFull done
Event: 8.397 Executing VM operation: ICBufferFull
Event: 8.397 Executing VM operation: ICBufferFull done
Event: 8.429 Executing VM operation: ICBufferFull
Event: 8.429 Executing VM operation: ICBufferFull done
Event: 8.438 Executing VM operation: ICBufferFull
Event: 8.438 Executing VM operation: ICBufferFull done
Event: 8.445 Executing VM operation: ICBufferFull
Event: 8.445 Executing VM operation: ICBufferFull done
Event: 8.456 Executing VM operation: ICBufferFull
Event: 8.456 Executing VM operation: ICBufferFull done
Event: 8.468 Executing VM operation: ICBufferFull
Event: 8.468 Executing VM operation: ICBufferFull done
Event: 8.479 Executing VM operation: ICBufferFull
Event: 8.479 Executing VM operation: ICBufferFull done
Event: 8.496 Executing VM operation: ICBufferFull
Event: 8.496 Executing VM operation: ICBufferFull done
Event: 8.500 Executing VM operation: G1CollectForAllocation

Events (20 events):
Event: 6.465 loading class sun/reflect/generics/repository/FieldRepository
Event: 6.466 loading class sun/reflect/generics/repository/FieldRepository done
Event: 6.583 loading class sun/security/pkcs/PKCS9Attributes
Event: 6.584 loading class sun/security/pkcs/PKCS9Attributes done
Event: 6.640 loading class jdk/internal/reflect/UnsafeQualifiedStaticIntegerFieldAccessorImpl
Event: 6.641 loading class jdk/internal/reflect/UnsafeQualifiedStaticIntegerFieldAccessorImpl done
Event: 6.799 loading class sun/nio/cs/UTF_8$Encoder
Event: 6.800 loading class sun/nio/cs/UTF_8$Encoder done
Event: 6.801 loading class java/nio/channels/Channels$1
Event: 6.801 loading class java/nio/channels/Channels$1 done
Event: 6.875 loading class java/io/FileWriter
Event: 6.876 loading class java/io/FileWriter done
Event: 6.885 loading class java/util/stream/ReduceOps$5
Event: 6.885 loading class java/util/stream/ReduceOps$5 done
Event: 6.885 loading class java/util/stream/ReduceOps$CountingSink$OfRef
Event: 6.886 loading class java/util/stream/ReduceOps$CountingSink
Event: 6.886 loading class java/util/stream/ReduceOps$CountingSink done
Event: 6.887 loading class java/util/stream/ReduceOps$CountingSink$OfRef done
Event: 7.301 loading class java/util/ArrayList$ListItr
Event: 7.302 loading class java/util/ArrayList$ListItr done


Dynamic libraries:
0x00007ff768880000 - 0x00007ff768890000 	C:\Program Files\Java\jdk-17.0.2\bin\java.exe
0x00007ffeb5bf0000 - 0x00007ffeb5dbf000 	C:\Windows\SYSTEM32\ntdll.dll
0x00007ffeb4a10000 - 0x00007ffeb4abd000 	C:\Windows\System32\KERNEL32.DLL
0x00007ffeb2330000 - 0x00007ffeb254e000 	C:\Windows\System32\KERNELBASE.dll
0x00007ffeb2550000 - 0x00007ffeb2644000 	C:\Windows\System32\ucrtbase.dll
0x00007ffeac640000 - 0x00007ffeac658000 	C:\Program Files\Java\jdk-17.0.2\bin\jli.dll
0x00007ffeabe60000 - 0x00007ffeabe7a000 	C:\Program Files\Java\jdk-17.0.2\bin\VCRUNTIME140.dll
0x00007ffeb5450000 - 0x00007ffeb54f2000 	C:\Windows\System32\ADVAPI32.dll
0x00007ffeb5230000 - 0x00007ffeb52ce000 	C:\Windows\System32\msvcrt.dll
0x00007ffeb3430000 - 0x00007ffeb3489000 	C:\Windows\System32\sechost.dll
0x00007ffeb5700000 - 0x00007ffeb581f000 	C:\Windows\System32\RPCRT4.dll
0x00007ffeb31c0000 - 0x00007ffeb3326000 	C:\Windows\System32\USER32.dll
0x00007ffeb20c0000 - 0x00007ffeb20de000 	C:\Windows\System32\win32u.dll
0x00007ffeb5af0000 - 0x00007ffeb5b24000 	C:\Windows\System32\GDI32.dll
0x00007ffeb3000000 - 0x00007ffeb3184000 	C:\Windows\System32\gdi32full.dll
0x00007ffeacf10000 - 0x00007ffead18a000 	C:\Windows\WinSxS\amd64_microsoft.windows.common-controls_6595b64144ccf1df_6.0.14393.4169_none_7de0bbf28341b1f2\COMCTL32.dll
0x00007ffeb5820000 - 0x00007ffeb5ae6000 	C:\Windows\System32\combase.dll
0x00007ffeb2650000 - 0x00007ffeb26bc000 	C:\Windows\System32\bcryptPrimitives.dll
0x00007ffea9a50000 - 0x00007ffea9a5a000 	C:\Windows\SYSTEM32\VERSION.dll
0x00007ffeb3190000 - 0x00007ffeb31be000 	C:\Windows\System32\IMM32.DLL
0x00007ffeacd70000 - 0x00007ffeacd7c000 	C:\Program Files\Java\jdk-17.0.2\bin\vcruntime140_1.dll
0x00007ffea93c0000 - 0x00007ffea944d000 	C:\Program Files\Java\jdk-17.0.2\bin\msvcp140.dll
0x00007ffe94280000 - 0x00007ffe94e41000 	C:\Program Files\Java\jdk-17.0.2\bin\server\jvm.dll
0x00007ffeb4ae0000 - 0x00007ffeb4ae8000 	C:\Windows\System32\PSAPI.DLL
0x00007ffeabe50000 - 0x00007ffeabe59000 	C:\Windows\SYSTEM32\WSOCK32.dll
0x00007ffead190000 - 0x00007ffead1b3000 	C:\Windows\SYSTEM32\WINMM.dll
0x00007ffeaccb0000 - 0x00007ffeaccdb000 	C:\Windows\SYSTEM32\winmmbase.dll
0x00007ffeb20e0000 - 0x00007ffeb2122000 	C:\Windows\System32\cfgmgr32.dll
0x00007ffeb53e0000 - 0x00007ffeb544a000 	C:\Windows\System32\WS2_32.dll
0x00007ffeb20b0000 - 0x00007ffeb20bf000 	C:\Windows\System32\kernel.appcore.dll
0x00007ffeabe40000 - 0x00007ffeabe4a000 	C:\Program Files\Java\jdk-17.0.2\bin\jimage.dll
0x00007ffead6c0000 - 0x00007ffead852000 	C:\Windows\SYSTEM32\DBGHELP.DLL
0x00007ffead690000 - 0x00007ffead6b9000 	C:\Windows\SYSTEM32\dbgcore.DLL
0x00007ffeab980000 - 0x00007ffeab98e000 	C:\Program Files\Java\jdk-17.0.2\bin\instrument.dll
0x00007ffeab4a0000 - 0x00007ffeab4c5000 	C:\Program Files\Java\jdk-17.0.2\bin\java.dll
0x00007ffea6770000 - 0x00007ffea6846000 	C:\Program Files\Java\jdk-17.0.2\bin\jsvml.dll
0x00007ffeb3500000 - 0x00007ffeb4a05000 	C:\Windows\System32\SHELL32.dll
0x00007ffeb2760000 - 0x00007ffeb2e33000 	C:\Windows\System32\windows.storage.dll
0x00007ffeb2050000 - 0x00007ffeb209c000 	C:\Windows\System32\powrprof.dll
0x00007ffeb3490000 - 0x00007ffeb34e2000 	C:\Windows\System32\shlwapi.dll
0x00007ffeb2f50000 - 0x00007ffeb2ff8000 	C:\Windows\System32\shcore.dll
0x00007ffeb2030000 - 0x00007ffeb2044000 	C:\Windows\System32\profapi.dll
0x00007ffeab3a0000 - 0x00007ffeab3b8000 	C:\Program Files\Java\jdk-17.0.2\bin\zip.dll
0x00007ffeab380000 - 0x00007ffeab399000 	C:\Program Files\Java\jdk-17.0.2\bin\net.dll
0x00007ffeaae90000 - 0x00007ffeaaf5d000 	C:\Windows\SYSTEM32\WINHTTP.dll
0x00007ffeb1900000 - 0x00007ffeb195d000 	C:\Windows\system32\mswsock.dll
0x00007ffeab110000 - 0x00007ffeab126000 	C:\Program Files\Java\jdk-17.0.2\bin\nio.dll
0x00007ffeab8f0000 - 0x00007ffeab8fe000 	C:\Program Files\Java\jdk-17.0.2\bin\sunmscapi.dll
0x00007ffeb2130000 - 0x00007ffeb2323000 	C:\Windows\System32\CRYPT32.dll
0x00007ffeb20a0000 - 0x00007ffeb20b0000 	C:\Windows\System32\MSASN1.dll
0x00007ffeb1b80000 - 0x00007ffeb1ba6000 	C:\Windows\SYSTEM32\ncrypt.dll
0x00007ffeb1f70000 - 0x00007ffeb1f9b000 	C:\Windows\SYSTEM32\bcrypt.dll
0x00007ffeb1b40000 - 0x00007ffeb1b7b000 	C:\Windows\SYSTEM32\NTASN1.dll
0x00007ffeb1aa0000 - 0x00007ffeb1ab7000 	C:\Windows\SYSTEM32\CRYPTSP.dll
0x00007ffeb14c0000 - 0x00007ffeb14f3000 	C:\Windows\system32\rsaenh.dll
0x00007ffeb1780000 - 0x00007ffeb17a0000 	C:\Windows\SYSTEM32\USERENV.dll
0x00007ffeb1ac0000 - 0x00007ffeb1acb000 	C:\Windows\SYSTEM32\CRYPTBASE.dll
0x00007ffeb1640000 - 0x00007ffeb1678000 	C:\Windows\SYSTEM32\IPHLPAPI.DLL
0x00007ffeb34f0000 - 0x00007ffeb34f8000 	C:\Windows\System32\NSI.dll
0x00007ffeac310000 - 0x00007ffeac326000 	C:\Windows\SYSTEM32\dhcpcsvc6.DLL
0x00007ffeac290000 - 0x00007ffeac2aa000 	C:\Windows\SYSTEM32\dhcpcsvc.DLL
0x00007ffeb1680000 - 0x00007ffeb1722000 	C:\Windows\SYSTEM32\DNSAPI.dll
0x00007ffeac6f0000 - 0x00007ffeac6fa000 	C:\Windows\System32\rasadhlp.dll
0x00007ffeabf60000 - 0x00007ffeabfca000 	C:\Windows\System32\fwpuclnt.dll
0x00007ffeabdf0000 - 0x00007ffeabe00000 	C:\Program Files\Java\jdk-17.0.2\bin\verify.dll
0x00007ffeabde0000 - 0x00007ffeabde9000 	C:\Program Files\Java\jdk-17.0.2\bin\management.dll
0x00007ffeab850000 - 0x00007ffeab85b000 	C:\Program Files\Java\jdk-17.0.2\bin\management_ext.dll
0x00007ffeac5c0000 - 0x00007ffeac5d6000 	C:\Windows\system32\napinsp.dll
0x00007ffeac6c0000 - 0x00007ffeac6ce000 	C:\Windows\System32\winrnr.dll
0x00007ffeac120000 - 0x00007ffeac138000 	C:\Windows\system32\NLAapi.dll
0x00007ffeafaa0000 - 0x00007ffeafad2000 	C:\Windows\SYSTEM32\ntmarta.dll

dbghelp: loaded successfully - version: 4.0.5 - missing functions: none
symbol engine: initialized successfully - sym options: 0x614 - pdb path: .;C:\Program Files\Java\jdk-17.0.2\bin;C:\Windows\SYSTEM32;C:\Windows\WinSxS\amd64_microsoft.windows.common-controls_6595b64144ccf1df_6.0.14393.4169_none_7de0bbf28341b1f2;C:\Program Files\Java\jdk-17.0.2\bin\server

VM Arguments:
jvm_args: -javaagent:authlib-injector-1.1.27-5ef5f8e.jar=https://littleskin.cn/api/yggdrasil 
java_command: fabric-server-launch.jar nogui
java_class_path (initial): fabric-server-launch.jar
Launcher Type: SUN_STANDARD

[Global flags]
     intx CICompilerCount                          = 2                                         {product} {ergonomic}
     uint ConcGCThreads                            = 1                                         {product} {ergonomic}
     uint G1ConcRefinementThreads                  = 2                                         {product} {ergonomic}
   size_t G1HeapRegionSize                         = 1048576                                   {product} {ergonomic}
    uintx GCDrainStackTargetSize                   = 64                                        {product} {ergonomic}
   size_t InitialHeapSize                          = 67108864                                  {product} {ergonomic}
   size_t MarkStackSize                            = 4194304                                   {product} {ergonomic}
   size_t MaxHeapSize                              = 1073741824                                {product} {ergonomic}
   size_t MaxNewSize                               = 643825664                                 {product} {ergonomic}
   size_t MinHeapDeltaBytes                        = 1048576                                   {product} {ergonomic}
   size_t MinHeapSize                              = 8388608                                   {product} {ergonomic}
    uintx NonNMethodCodeHeapSize                   = 5826188                                {pd product} {ergonomic}
    uintx NonProfiledCodeHeapSize                  = 122916026                              {pd product} {ergonomic}
    uintx ProfiledCodeHeapSize                     = 122916026                              {pd product} {ergonomic}
    uintx ReservedCodeCacheSize                    = 251658240                              {pd product} {ergonomic}
     bool SegmentedCodeCache                       = true                                      {product} {ergonomic}
   size_t SoftMaxHeapSize                          = 1073741824                             {manageable} {ergonomic}
     bool UseCompressedClassPointers               = true                           {product lp64_product} {ergonomic}
     bool UseCompressedOops                        = true                           {product lp64_product} {ergonomic}
     bool UseG1GC                                  = true                                      {product} {ergonomic}
     bool UseLargePagesIndividualAllocation        = false                                  {pd product} {ergonomic}

Logging:
Log output configuration:
 #0: stdout all=warning uptime,level,tags
 #1: stderr all=off uptime,level,tags

Environment Variables:
PATH=C:\Program Files\Common Files\Oracle\Java\javapath;C:\Windows\system32;C:\Windows;C:\Windows\System32\Wbem;C:\Windows\System32\WindowsPowerShell\v1.0\;C:\Program Files\Mellanox\MLNX_WinOF2\Management Tools;C:\Program Files\Mellanox\MLNX_WinOF2\Performance Tools;C:\Program Files\Mellanox\MLNX_WinOF2\Diagnostic Tools;C:\Users\Administrator\AppData\Local\Programs\Python\Python36\Scripts\;C:\Users\Administrator\AppData\Local\Programs\Python\Python36\;C:\Users\Administrator\AppData\Local\Programs\Python\Python38\Scripts\;C:\Users\Administrator\AppData\Local\Programs\Python\Python38\;C:\Users\Administrator\AppData\Local\Microsoft\WindowsApps;
USERNAME=Administrator
OS=Windows_NT
PROCESSOR_IDENTIFIER=Intel64 Family 6 Model 85 Stepping 7, GenuineIntel



---------------  S Y S T E M  ---------------

OS:
 Windows Server 2016 , 64 bit Build 14393 (10.0.14393.4651)
OS uptime: 17 days 23:55 hours
KVM virtualization detected

CPU: total 2 (initial active 2) (21 cores per cpu, 2 threads per core) family 6 model 85 stepping 7 microcode 0x1, cx8, cmov, fxsr, ht, mmx, 3dnowpref, sse, sse2, sse3, ssse3, sse4.1, sse4.2, popcnt, lzcnt, tsc, avx, avx2, aes, erms, clmul, bmi1, bmi2, adx, avx512f, avx512dq, avx512cd, avx512bw, avx512vl, fma, vzeroupper, avx512_vnni, clflush, clflushopt, clwb, hv

Memory: 4k page, system-wide physical 4095M (134M free)
TotalPageFile size 5119M (AvailPageFile size 8M)
current process WorkingSet (physical memory assigned to process): 256M, peak: 256M
current process commit charge ("private bytes"): 500M, peak: 503M

vm_info: Java HotSpot(TM) 64-Bit Server VM (17.0.2+8-LTS-86) for windows-amd64 JRE (17.0.2+8-LTS-86), built on Dec  7 2021 21:51:03 by "mach5one" with MS VC++ 16.8 / 16.9 (VS2019)

END.
